This is pdfTeX, Version 3.141592653-2.6-1.40.27 (TeX Live 2025) (preloaded format=pdflatex 2026.1.14)  17 JAN 2026 03:20
entering extended mode
 restricted \write18 enabled.
 file:line:error style messages enabled.
 %&-line parsing enabled.
**d:/Network/ai_coding/hw/task1/task1_report.tex
(d:/Network/ai_coding/hw/task1/task1_report.tex
LaTeX2e <2024-11-01> patch level 2
L3 programming layer <2025-01-18>
(d:/texlive/2025/texmf-dist/tex/latex/base/article.cls
Document Class: article 2024/06/29 v1.4n Standard LaTeX document class
(d:/texlive/2025/texmf-dist/tex/latex/base/size12.clo
File: size12.clo 2024/06/29 v1.4n Standard LaTeX file (size option)
)
\c@part=\count196
\c@section=\count197
\c@subsection=\count198
\c@subsubsection=\count199
\c@paragraph=\count266
\c@subparagraph=\count267
\c@figure=\count268
\c@table=\count269
\abovecaptionskip=\skip49
\belowcaptionskip=\skip50
\bibindent=\dimen141
) (d:/texlive/2025/texmf-dist/tex/latex/ctex/ctex.sty (d:/texlive/2025/texmf-dist/tex/latex/l3kernel/expl3.sty
Package: expl3 2025-01-18 L3 programming layer (loader) 
 (d:/texlive/2025/texmf-dist/tex/latex/l3backend/l3backend-pdftex.def
File: l3backend-pdftex.def 2024-05-08 L3 backend support: PDF output (pdfTeX)
\l__color_backend_stack_int=\count270
\l__pdf_internal_box=\box52
))
Package: ctex 2022/07/14 v2.5.10 Chinese adapter in LaTeX (CTEX)
 (d:/texlive/2025/texmf-dist/tex/latex/ctex/ctexhook.sty
Package: ctexhook 2022/07/14 v2.5.10 Document and package hooks (CTEX)
) (d:/texlive/2025/texmf-dist/tex/latex/ctex/ctexpatch.sty
Package: ctexpatch 2022/07/14 v2.5.10 Patching commands (CTEX)
) (d:/texlive/2025/texmf-dist/tex/latex/base/fix-cm.sty
Package: fix-cm 2020/11/24 v1.1t fixes to LaTeX
 (d:/texlive/2025/texmf-dist/tex/latex/base/ts1enc.def
File: ts1enc.def 2001/06/05 v3.0e (jk/car/fm) Standard LaTeX file
LaTeX Font Info:    Redeclaring font encoding TS1 on input line 47.
))
\l__ctex_tmp_int=\count271
\l__ctex_tmp_box=\box53
\l__ctex_tmp_dim=\dimen142
\g__ctex_section_depth_int=\count272
\g__ctex_font_size_int=\count273
 (d:/texlive/2025/texmf-dist/tex/latex/ctex/config/ctexopts.cfg
File: ctexopts.cfg 2022/07/14 v2.5.10 Option configuration file (CTEX)
) (d:/texlive/2025/texmf-dist/tex/latex/ctex/engine/ctex-engine-pdftex.def
File: ctex-engine-pdftex.def 2022/07/14 v2.5.10 (pdf)LaTeX adapter (CTEX)
 (d:/texlive/2025/texmf-dist/tex/latex/cjk/texinput/CJKutf8.sty
Package: CJKutf8 2021/10/16 4.8.5
 (d:/texlive/2025/texmf-dist/tex/generic/iftex/ifpdf.sty
Package: ifpdf 2019/10/25 v3.4 ifpdf legacy package. Use iftex instead.
 (d:/texlive/2025/texmf-dist/tex/generic/iftex/iftex.sty
Package: iftex 2024/12/12 v1.0g TeX engine tests
)) (d:/texlive/2025/texmf-dist/tex/latex/base/inputenc.sty
Package: inputenc 2024/02/08 v1.3d Input encoding file
\inpenc@prehook=\toks17
\inpenc@posthook=\toks18
) (d:/texlive/2025/texmf-dist/tex/latex/cjk/texinput/CJK.sty
Package: CJK 2021/10/16 4.8.5
 (d:/texlive/2025/texmf-dist/tex/latex/cjk/texinput/mule/MULEenc.sty
Package: MULEenc 2021/10/16 4.8.5
) (d:/texlive/2025/texmf-dist/tex/latex/cjk/texinput/CJK.enc
File: CJK.enc 2021/10/16 4.8.5
Now handling font encoding C00 ...
... no UTF-8 mapping file for font encoding C00
Now handling font encoding C05 ...
... no UTF-8 mapping file for font encoding C05
Now handling font encoding C09 ...
... no UTF-8 mapping file for font encoding C09
Now handling font encoding C10 ...
... no UTF-8 mapping file for font encoding C10
Now handling font encoding C20 ...
... no UTF-8 mapping file for font encoding C20
Now handling font encoding C19 ...
... no UTF-8 mapping file for font encoding C19
Now handling font encoding C40 ...
... no UTF-8 mapping file for font encoding C40
Now handling font encoding C42 ...
... no UTF-8 mapping file for font encoding C42
Now handling font encoding C43 ...
... no UTF-8 mapping file for font encoding C43
Now handling font encoding C50 ...
... no UTF-8 mapping file for font encoding C50
Now handling font encoding C52 ...
... no UTF-8 mapping file for font encoding C52
Now handling font encoding C49 ...
... no UTF-8 mapping file for font encoding C49
Now handling font encoding C60 ...
... no UTF-8 mapping file for font encoding C60
Now handling font encoding C61 ...
... no UTF-8 mapping file for font encoding C61
Now handling font encoding C63 ...
... no UTF-8 mapping file for font encoding C63
Now handling font encoding C64 ...
... no UTF-8 mapping file for font encoding C64
Now handling font encoding C65 ...
... no UTF-8 mapping file for font encoding C65
Now handling font encoding C70 ...
... no UTF-8 mapping file for font encoding C70
Now handling font encoding C31 ...
... no UTF-8 mapping file for font encoding C31
Now handling font encoding C32 ...
... no UTF-8 mapping file for font encoding C32
Now handling font encoding C33 ...
... no UTF-8 mapping file for font encoding C33
Now handling font encoding C34 ...
... no UTF-8 mapping file for font encoding C34
Now handling font encoding C35 ...
... no UTF-8 mapping file for font encoding C35
Now handling font encoding C36 ...
... no UTF-8 mapping file for font encoding C36
Now handling font encoding C37 ...
... no UTF-8 mapping file for font encoding C37
Now handling font encoding C80 ...
... no UTF-8 mapping file for font encoding C80
Now handling font encoding C81 ...
... no UTF-8 mapping file for font encoding C81
Now handling font encoding C01 ...
... no UTF-8 mapping file for font encoding C01
Now handling font encoding C11 ...
... no UTF-8 mapping file for font encoding C11
Now handling font encoding C21 ...
... no UTF-8 mapping file for font encoding C21
Now handling font encoding C41 ...
... no UTF-8 mapping file for font encoding C41
Now handling font encoding C62 ...
... no UTF-8 mapping file for font encoding C62
)
\CJK@indent=\box54
) (d:/texlive/2025/texmf-dist/tex/latex/base/fontenc.sty
Package: fontenc 2021/04/29 v2.0v Standard LaTeX package
)) (d:/texlive/2025/texmf-dist/tex/latex/cjkpunct/CJKpunct.sty
Package: CJKpunct 2016/05/14 4.8.4
\CJKpunct@cnta=\count274
\CJKpunct@cntb=\count275
\CJKpunct@cntc=\count276
\CJKpunct@cntd=\count277
\CJKpunct@cnte=\count278
   defining Unicode char U+2018 (decimal 8216)
   defining Unicode char U+2019 (decimal 8217)
   defining Unicode char U+201C (decimal 8220)
   defining Unicode char U+201D (decimal 8221)
   defining Unicode char U+2014 (decimal 8212)
   defining Unicode char U+2026 (decimal 8230)
 (d:/texlive/2025/texmf-dist/tex/latex/cjkpunct/CJKpunct.spa)) (d:/texlive/2025/texmf-dist/tex/latex/cjk/texinput/CJKspace.sty
Package: CJKspace 2021/10/16 3.8.0
) (d:/texlive/2025/texmf-dist/tex/latex/cjk/texinput/UTF8/UTF8.bdg
File: UTF8.bdg 2021/10/16 4.8.5
) (d:/texlive/2025/texmf-dist/tex/latex/ctex/ctexspa.def
File: ctexspa.def 2022/07/14 v2.5.10 Space info for CJKpunct (CTEX)
)
\ccwd=\dimen143
\l__ctex_ccglue_skip=\skip51
)
\l__ctex_ziju_dim=\dimen144
 (d:/texlive/2025/texmf-dist/tex/latex/zhnumber/zhnumber.sty
Package: zhnumber 2022/07/14 v3.0 Typesetting numbers with Chinese glyphs
\l__zhnum_scale_int=\count279
\l__zhnum_tmp_int=\count280
 (d:/texlive/2025/texmf-dist/tex/latex/zhnumber/zhnumber-utf8.cfg
File: zhnumber-utf8.cfg 2022/07/14 v3.0 Chinese numerals with UTF8 encoding
)) (d:/texlive/2025/texmf-dist/tex/latex/ctex/scheme/ctex-scheme-chinese.def
File: ctex-scheme-chinese.def 2022/07/14 v2.5.10 Chinese scheme for generic (CTEX)
 (d:/texlive/2025/texmf-dist/tex/latex/ctex/config/ctex-name-utf8.cfg
File: ctex-name-utf8.cfg 2022/07/14 v2.5.10 Caption with encoding UTF-8 (CTEX)
)) (d:/texlive/2025/texmf-dist/tex/latex/tools/indentfirst.sty
Package: indentfirst 2023/07/02 v1.03 Indent first paragraph (DPC)
) (d:/texlive/2025/texmf-dist/tex/latex/ctex/fontset/ctex-fontset-windows.def
File: ctex-fontset-windows.def 2022/07/14 v2.5.10 Windows fonts definition (CTEX)
)) (d:/texlive/2025/texmf-dist/tex/latex/ctex/config/ctex.cfg
File: ctex.cfg 2022/07/14 v2.5.10 Configuration file (CTEX)
) (d:/texlive/2025/texmf-dist/tex/latex/graphics/graphicx.sty
Package: graphicx 2021/09/16 v1.2d Enhanced LaTeX Graphics (DPC,SPQR)
 (d:/texlive/2025/texmf-dist/tex/latex/graphics/keyval.sty
Package: keyval 2022/05/29 v1.15 key=value parser (DPC)
\KV@toks@=\toks19
) (d:/texlive/2025/texmf-dist/tex/latex/graphics/graphics.sty
Package: graphics 2024/08/06 v1.4g Standard LaTeX Graphics (DPC,SPQR)
 (d:/texlive/2025/texmf-dist/tex/latex/graphics/trig.sty
Package: trig 2023/12/02 v1.11 sin cos tan (DPC)
) (d:/texlive/2025/texmf-dist/tex/latex/graphics-cfg/graphics.cfg
File: graphics.cfg 2016/06/04 v1.11 sample graphics configuration
)
Package graphics Info: Driver file: pdftex.def on input line 106.
 (d:/texlive/2025/texmf-dist/tex/latex/graphics-def/pdftex.def
File: pdftex.def 2024/04/13 v1.2c Graphics/color driver for pdftex
))
\Gin@req@height=\dimen145
\Gin@req@width=\dimen146
) (d:/texlive/2025/texmf-dist/tex/latex/amsmath/amsmath.sty
Package: amsmath 2024/11/05 v2.17t AMS math features
\@mathmargin=\skip52

For additional information on amsmath, use the `?' option.
(d:/texlive/2025/texmf-dist/tex/latex/amsmath/amstext.sty
Package: amstext 2021/08/26 v2.01 AMS text
 (d:/texlive/2025/texmf-dist/tex/latex/amsmath/amsgen.sty
File: amsgen.sty 1999/11/30 v2.0 generic functions
\@emptytoks=\toks20
\ex@=\dimen147
)) (d:/texlive/2025/texmf-dist/tex/latex/amsmath/amsbsy.sty
Package: amsbsy 1999/11/29 v1.2d Bold Symbols
\pmbraise@=\dimen148
) (d:/texlive/2025/texmf-dist/tex/latex/amsmath/amsopn.sty
Package: amsopn 2022/04/08 v2.04 operator names
)
\inf@bad=\count281
LaTeX Info: Redefining \frac on input line 233.
\uproot@=\count282
\leftroot@=\count283
LaTeX Info: Redefining \overline on input line 398.
LaTeX Info: Redefining \colon on input line 409.
\classnum@=\count284
\DOTSCASE@=\count285
LaTeX Info: Redefining \ldots on input line 495.
LaTeX Info: Redefining \dots on input line 498.
LaTeX Info: Redefining \cdots on input line 619.
\Mathstrutbox@=\box55
\strutbox@=\box56
LaTeX Info: Redefining \big on input line 721.
LaTeX Info: Redefining \Big on input line 722.
LaTeX Info: Redefining \bigg on input line 723.
LaTeX Info: Redefining \Bigg on input line 724.
\big@size=\dimen149
LaTeX Font Info:    Redeclaring font encoding OML on input line 742.
LaTeX Font Info:    Redeclaring font encoding OMS on input line 743.
\macc@depth=\count286
LaTeX Info: Redefining \bmod on input line 904.
LaTeX Info: Redefining \pmod on input line 909.
LaTeX Info: Redefining \smash on input line 939.
LaTeX Info: Redefining \relbar on input line 969.
LaTeX Info: Redefining \Relbar on input line 970.
\c@MaxMatrixCols=\count287
\dotsspace@=\muskip17
\c@parentequation=\count288
\dspbrk@lvl=\count289
\tag@help=\toks21
\row@=\count290
\column@=\count291
\maxfields@=\count292
\andhelp@=\toks22
\eqnshift@=\dimen150
\alignsep@=\dimen151
\tagshift@=\dimen152
\tagwidth@=\dimen153
\totwidth@=\dimen154
\lineht@=\dimen155
\@envbody=\toks23
\multlinegap=\skip53
\multlinetaggap=\skip54
\mathdisplay@stack=\toks24
LaTeX Info: Redefining \[ on input line 2953.
LaTeX Info: Redefining \] on input line 2954.
) (d:/texlive/2025/texmf-dist/tex/latex/hyperref/hyperref.sty
Package: hyperref 2024-11-05 v7.01l Hypertext links for LaTeX
 (d:/texlive/2025/texmf-dist/tex/latex/kvsetkeys/kvsetkeys.sty
Package: kvsetkeys 2022-10-05 v1.19 Key value parser (HO)
) (d:/texlive/2025/texmf-dist/tex/generic/kvdefinekeys/kvdefinekeys.sty
Package: kvdefinekeys 2019-12-19 v1.6 Define keys (HO)
) (d:/texlive/2025/texmf-dist/tex/generic/pdfescape/pdfescape.sty
Package: pdfescape 2019/12/09 v1.15 Implements pdfTeX's escape features (HO)
 (d:/texlive/2025/texmf-dist/tex/generic/ltxcmds/ltxcmds.sty
Package: ltxcmds 2023-12-04 v1.26 LaTeX kernel commands for general use (HO)
) (d:/texlive/2025/texmf-dist/tex/generic/pdftexcmds/pdftexcmds.sty
Package: pdftexcmds 2020-06-27 v0.33 Utility functions of pdfTeX for LuaTeX (HO)
 (d:/texlive/2025/texmf-dist/tex/generic/infwarerr/infwarerr.sty
Package: infwarerr 2019/12/03 v1.5 Providing info/warning/error messages (HO)
)
Package pdftexcmds Info: \pdf@primitive is available.
Package pdftexcmds Info: \pdf@ifprimitive is available.
Package pdftexcmds Info: \pdfdraftmode found.
)) (d:/texlive/2025/texmf-dist/tex/latex/hycolor/hycolor.sty
Package: hycolor 2020-01-27 v1.10 Color options for hyperref/bookmark (HO)
) (d:/texlive/2025/texmf-dist/tex/latex/hyperref/nameref.sty
Package: nameref 2023-11-26 v2.56 Cross-referencing by name of section
 (d:/texlive/2025/texmf-dist/tex/latex/refcount/refcount.sty
Package: refcount 2019/12/15 v3.6 Data extraction from label references (HO)
) (d:/texlive/2025/texmf-dist/tex/generic/gettitlestring/gettitlestring.sty
Package: gettitlestring 2019/12/15 v1.6 Cleanup title references (HO)
 (d:/texlive/2025/texmf-dist/tex/latex/kvoptions/kvoptions.sty
Package: kvoptions 2022-06-15 v3.15 Key value format for package options (HO)
))
\c@section@level=\count293
) (d:/texlive/2025/texmf-dist/tex/latex/etoolbox/etoolbox.sty
Package: etoolbox 2025/02/11 v2.5l e-TeX tools for LaTeX (JAW)
\etb@tempcnta=\count294
) (d:/texlive/2025/texmf-dist/tex/generic/stringenc/stringenc.sty
Package: stringenc 2019/11/29 v1.12 Convert strings between diff. encodings (HO)
)
\@linkdim=\dimen156
\Hy@linkcounter=\count295
\Hy@pagecounter=\count296
 (d:/texlive/2025/texmf-dist/tex/latex/hyperref/pd1enc.def
File: pd1enc.def 2024-11-05 v7.01l Hyperref: PDFDocEncoding definition (HO)
Now handling font encoding PD1 ...
... no UTF-8 mapping file for font encoding PD1
) (d:/texlive/2025/texmf-dist/tex/generic/intcalc/intcalc.sty
Package: intcalc 2019/12/15 v1.3 Expandable calculations with integers (HO)
)
\Hy@SavedSpaceFactor=\count297
 (d:/texlive/2025/texmf-dist/tex/latex/hyperref/puenc.def
File: puenc.def 2024-11-05 v7.01l Hyperref: PDF Unicode definition (HO)
Now handling font encoding PU ...
... no UTF-8 mapping file for font encoding PU
)
Package hyperref Info: Option `unicode' set `true' on input line 4040.
Package hyperref Info: Hyper figures OFF on input line 4157.
Package hyperref Info: Link nesting OFF on input line 4162.
Package hyperref Info: Hyper index ON on input line 4165.
Package hyperref Info: Plain pages OFF on input line 4172.
Package hyperref Info: Backreferencing OFF on input line 4177.
Package hyperref Info: Implicit mode ON; LaTeX internals redefined.
Package hyperref Info: Bookmarks ON on input line 4424.
\c@Hy@tempcnt=\count298
 (d:/texlive/2025/texmf-dist/tex/latex/url/url.sty
\Urlmuskip=\muskip18
Package: url 2013/09/16  ver 3.4  Verb mode for urls, etc.
)
LaTeX Info: Redefining \url on input line 4763.
\XeTeXLinkMargin=\dimen157
 (d:/texlive/2025/texmf-dist/tex/generic/bitset/bitset.sty
Package: bitset 2019/12/09 v1.3 Handle bit-vector datatype (HO)
 (d:/texlive/2025/texmf-dist/tex/generic/bigintcalc/bigintcalc.sty
Package: bigintcalc 2019/12/15 v1.5 Expandable calculations on big integers (HO)
))
\Fld@menulength=\count299
\Field@Width=\dimen158
\Fld@charsize=\dimen159
Package hyperref Info: Hyper figures OFF on input line 6042.
Package hyperref Info: Link nesting OFF on input line 6047.
Package hyperref Info: Hyper index ON on input line 6050.
Package hyperref Info: backreferencing OFF on input line 6057.
Package hyperref Info: Link coloring OFF on input line 6062.
Package hyperref Info: Link coloring with OCG OFF on input line 6067.
Package hyperref Info: PDF/A mode OFF on input line 6072.
 (d:/texlive/2025/texmf-dist/tex/latex/base/atbegshi-ltx.sty
Package: atbegshi-ltx 2021/01/10 v1.0c Emulation of the original atbegshi
package with kernel methods
)
\Hy@abspage=\count300
\c@Item=\count301
\c@Hfootnote=\count302
)
Package hyperref Info: Driver (autodetected): hpdftex.
 (d:/texlive/2025/texmf-dist/tex/latex/hyperref/hpdftex.def
File: hpdftex.def 2024-11-05 v7.01l Hyperref driver for pdfTeX
 (d:/texlive/2025/texmf-dist/tex/latex/base/atveryend-ltx.sty
Package: atveryend-ltx 2020/08/19 v1.0a Emulation of the original atveryend package
with kernel methods
)
\Fld@listcount=\count303
\c@bookmark@seq@number=\count304
 (d:/texlive/2025/texmf-dist/tex/latex/rerunfilecheck/rerunfilecheck.sty
Package: rerunfilecheck 2022-07-10 v1.10 Rerun checks for auxiliary files (HO)
 (d:/texlive/2025/texmf-dist/tex/generic/uniquecounter/uniquecounter.sty
Package: uniquecounter 2019/12/15 v1.4 Provide unlimited unique counter (HO)
)
Package uniquecounter Info: New unique counter `rerunfilecheck' on input line 285.
)
\Hy@SectionHShift=\skip55
) (d:/texlive/2025/texmf-dist/tex/latex/listings/listings.sty
\lst@mode=\count305
\lst@gtempboxa=\box57
\lst@token=\toks25
\lst@length=\count306
\lst@currlwidth=\dimen160
\lst@column=\count307
\lst@pos=\count308
\lst@lostspace=\dimen161
\lst@width=\dimen162
\lst@newlines=\count309
\lst@lineno=\count310
\lst@maxwidth=\dimen163
 (d:/texlive/2025/texmf-dist/tex/latex/listings/lstpatch.sty
File: lstpatch.sty 2024/09/23 1.10c (Carsten Heinz)
) (d:/texlive/2025/texmf-dist/tex/latex/listings/lstmisc.sty
File: lstmisc.sty 2024/09/23 1.10c (Carsten Heinz)
\c@lstnumber=\count311
\lst@skipnumbers=\count312
\lst@framebox=\box58
) (d:/texlive/2025/texmf-dist/tex/latex/listings/listings.cfg
File: listings.cfg 2024/09/23 1.10c listings configuration
))
Package: listings 2024/09/23 1.10c (Carsten Heinz)
 (d:/texlive/2025/texmf-dist/tex/latex/xcolor/xcolor.sty
Package: xcolor 2024/09/29 v3.02 LaTeX color extensions (UK)
 (d:/texlive/2025/texmf-dist/tex/latex/graphics-cfg/color.cfg
File: color.cfg 2016/01/02 v1.6 sample color configuration
)
Package xcolor Info: Driver file: pdftex.def on input line 274.
 (d:/texlive/2025/texmf-dist/tex/latex/graphics/mathcolor.ltx)
Package xcolor Info: Model `cmy' substituted by `cmy0' on input line 1349.
Package xcolor Info: Model `hsb' substituted by `rgb' on input line 1353.
Package xcolor Info: Model `RGB' extended on input line 1365.
Package xcolor Info: Model `HTML' substituted by `rgb' on input line 1367.
Package xcolor Info: Model `Hsb' substituted by `hsb' on input line 1368.
Package xcolor Info: Model `tHsb' substituted by `hsb' on input line 1369.
Package xcolor Info: Model `HSB' substituted by `hsb' on input line 1370.
Package xcolor Info: Model `Gray' substituted by `gray' on input line 1371.
Package xcolor Info: Model `wave' substituted by `hsb' on input line 1372.
) (d:/texlive/2025/texmf-dist/tex/latex/float/float.sty
Package: float 2001/11/08 v1.3d Float enhancements (AL)
\c@float@type=\count313
\float@exts=\toks26
\float@box=\box59
\@float@everytoks=\toks27
\@floatcapt=\box60
) (d:/texlive/2025/texmf-dist/tex/latex/caption/caption.sty
Package: caption 2023/08/05 v3.6o Customizing captions (AR)
 (d:/texlive/2025/texmf-dist/tex/latex/caption/caption3.sty
Package: caption3 2023/07/31 v2.4d caption3 kernel (AR)
\caption@tempdima=\dimen164
\captionmargin=\dimen165
\caption@leftmargin=\dimen166
\caption@rightmargin=\dimen167
\caption@width=\dimen168
\caption@indent=\dimen169
\caption@parindent=\dimen170
\caption@hangindent=\dimen171
Package caption Info: Standard document class detected.
)
\c@caption@flags=\count314
\c@continuedfloat=\count315
Package caption Info: float package is loaded.
Package caption Info: hyperref package is loaded.
Package caption Info: listings package is loaded.
) (d:/texlive/2025/texmf-dist/tex/latex/caption/subcaption.sty
Package: subcaption 2023/07/28 v1.6b Sub-captions (AR)
Package caption Info: New subtype `subfigure' on input line 238.
\c@subfigure=\count316
Package caption Info: New subtype `subtable' on input line 238.
\c@subtable=\count317
) (d:/texlive/2025/texmf-dist/tex/latex/geometry/geometry.sty
Package: geometry 2020/01/02 v5.9 Page Geometry
 (d:/texlive/2025/texmf-dist/tex/generic/iftex/ifvtex.sty
Package: ifvtex 2019/10/25 v1.7 ifvtex legacy package. Use iftex instead.
)
\Gm@cnth=\count318
\Gm@cntv=\count319
\c@Gm@tempcnt=\count320
\Gm@bindingoffset=\dimen172
\Gm@wd@mp=\dimen173
\Gm@odd@mp=\dimen174
\Gm@even@mp=\dimen175
\Gm@layoutwidth=\dimen176
\Gm@layoutheight=\dimen177
\Gm@layouthoffset=\dimen178
\Gm@layoutvoffset=\dimen179
\Gm@dimlist=\toks28
) (d:/texlive/2025/texmf-dist/tex/latex/listings/lstlang1.sty
File: lstlang1.sty 2024/09/23 1.10c listings language file
) (d:/texlive/2025/texmf-dist/tex/latex/cjk/texinput/UTF8/UTF8.enc
File: UTF8.enc 2021/10/16 4.8.5
) (d:/texlive/2025/texmf-dist/tex/latex/cjk/texinput/UTF8/UTF8.chr
File: UTF8.chr 2021/10/16 4.8.5
)
No file task1_report.aux.
\openout1 = `task1_report.aux'.

LaTeX Font Info:    Checking defaults for OML/cmm/m/it on input line 29.
LaTeX Font Info:    ... okay on input line 29.
LaTeX Font Info:    Checking defaults for OMS/cmsy/m/n on input line 29.
LaTeX Font Info:    ... okay on input line 29.
LaTeX Font Info:    Checking defaults for OT1/cmr/m/n on input line 29.
LaTeX Font Info:    ... okay on input line 29.
LaTeX Font Info:    Checking defaults for T1/cmr/m/n on input line 29.
LaTeX Font Info:    ... okay on input line 29.
LaTeX Font Info:    Checking defaults for TS1/cmr/m/n on input line 29.
LaTeX Font Info:    ... okay on input line 29.
LaTeX Font Info:    Checking defaults for OMX/cmex/m/n on input line 29.
LaTeX Font Info:    ... okay on input line 29.
LaTeX Font Info:    Checking defaults for U/cmr/m/n on input line 29.
LaTeX Font Info:    ... okay on input line 29.
LaTeX Font Info:    Checking defaults for C00/song/m/n on input line 29.
LaTeX Font Info:    ... okay on input line 29.
LaTeX Font Info:    Checking defaults for C05/song/m/n on input line 29.
LaTeX Font Info:    ... okay on input line 29.
LaTeX Font Info:    Checking defaults for C09/song/m/n on input line 29.
LaTeX Font Info:    ... okay on input line 29.
LaTeX Font Info:    Checking defaults for C10/song/m/n on input line 29.
LaTeX Font Info:    ... okay on input line 29.
LaTeX Font Info:    Checking defaults for C20/song/m/n on input line 29.
LaTeX Font Info:    ... okay on input line 29.
LaTeX Font Info:    Checking defaults for C19/song/m/n on input line 29.
LaTeX Font Info:    ... okay on input line 29.
LaTeX Font Info:    Checking defaults for C40/song/m/n on input line 29.
LaTeX Font Info:    ... okay on input line 29.
LaTeX Font Info:    Checking defaults for C42/song/m/n on input line 29.
LaTeX Font Info:    ... okay on input line 29.
LaTeX Font Info:    Checking defaults for C43/song/m/n on input line 29.
LaTeX Font Info:    ... okay on input line 29.
LaTeX Font Info:    Checking defaults for C50/song/m/n on input line 29.
LaTeX Font Info:    ... okay on input line 29.
LaTeX Font Info:    Checking defaults for C52/song/m/n on input line 29.
LaTeX Font Info:    ... okay on input line 29.
LaTeX Font Info:    Checking defaults for C49/song/m/n on input line 29.
LaTeX Font Info:    ... okay on input line 29.
LaTeX Font Info:    Checking defaults for C60/mj/m/n on input line 29.
LaTeX Font Info:    ... okay on input line 29.
LaTeX Font Info:    Checking defaults for C61/mj/m/n on input line 29.
LaTeX Font Info:    ... okay on input line 29.
LaTeX Font Info:    Checking defaults for C63/mj/m/n on input line 29.
LaTeX Font Info:    ... okay on input line 29.
LaTeX Font Info:    Checking defaults for C64/mj/m/n on input line 29.
LaTeX Font Info:    ... okay on input line 29.
LaTeX Font Info:    Checking defaults for C65/mj/m/n on input line 29.
LaTeX Font Info:    ... okay on input line 29.
LaTeX Font Info:    Checking defaults for C70/song/m/n on input line 29.
LaTeX Font Info:    ... okay on input line 29.
LaTeX Font Info:    Checking defaults for C31/song/m/n on input line 29.
LaTeX Font Info:    ... okay on input line 29.
LaTeX Font Info:    Checking defaults for C32/song/m/n on input line 29.
LaTeX Font Info:    ... okay on input line 29.
LaTeX Font Info:    Checking defaults for C33/song/m/n on input line 29.
LaTeX Font Info:    ... okay on input line 29.
LaTeX Font Info:    Checking defaults for C34/song/m/n on input line 29.
LaTeX Font Info:    ... okay on input line 29.
LaTeX Font Info:    Checking defaults for C35/song/m/n on input line 29.
LaTeX Font Info:    ... okay on input line 29.
LaTeX Font Info:    Checking defaults for C36/song/m/n on input line 29.
LaTeX Font Info:    ... okay on input line 29.
LaTeX Font Info:    Checking defaults for C37/song/m/n on input line 29.
LaTeX Font Info:    ... okay on input line 29.
LaTeX Font Info:    Checking defaults for C80/song/m/n on input line 29.
LaTeX Font Info:    ... okay on input line 29.
LaTeX Font Info:    Checking defaults for C81/song/m/n on input line 29.
LaTeX Font Info:    ... okay on input line 29.
LaTeX Font Info:    Checking defaults for C01/song/m/n on input line 29.
LaTeX Font Info:    ... okay on input line 29.
LaTeX Font Info:    Checking defaults for C11/song/m/n on input line 29.
LaTeX Font Info:    ... okay on input line 29.
LaTeX Font Info:    Checking defaults for C21/song/m/n on input line 29.
LaTeX Font Info:    ... okay on input line 29.
LaTeX Font Info:    Checking defaults for C41/song/m/n on input line 29.
LaTeX Font Info:    ... okay on input line 29.
LaTeX Font Info:    Checking defaults for C62/song/m/n on input line 29.
LaTeX Font Info:    ... okay on input line 29.
LaTeX Font Info:    Checking defaults for PD1/pdf/m/n on input line 29.
LaTeX Font Info:    ... okay on input line 29.
LaTeX Font Info:    Checking defaults for PU/pdf/m/n on input line 29.
LaTeX Font Info:    ... okay on input line 29.
(d:/texlive/2025/texmf-dist/tex/context/base/mkii/supp-pdf.mkii
[Loading MPS to PDF converter (version 2006.09.02).]
\scratchcounter=\count321
\scratchdimen=\dimen180
\scratchbox=\box61
\nofMPsegments=\count322
\nofMParguments=\count323
\everyMPshowfont=\toks29
\MPscratchCnt=\count324
\MPscratchDim=\dimen181
\MPnumerator=\count325
\makeMPintoPDFobject=\count326
\everyMPtoPDFconversion=\toks30
) (d:/texlive/2025/texmf-dist/tex/latex/epstopdf-pkg/epstopdf-base.sty
Package: epstopdf-base 2020-01-24 v2.11 Base part for package epstopdf
Package epstopdf-base Info: Redefining graphics rule for `.eps' on input line 485.
 (d:/texlive/2025/texmf-dist/tex/latex/latexconfig/epstopdf-sys.cfg
File: epstopdf-sys.cfg 2010/07/13 v1.3 Configuration of (r)epstopdf for TeX Live
))
Package hyperref Info: Link coloring OFF on input line 29.
\@outlinefile=\write3
\openout3 = `task1_report.out'.

\c@lstlisting=\count327
Package caption Info: Begin \AtBeginDocument code.
Package caption Info: End \AtBeginDocument code.

*geometry* driver: auto-detecting
*geometry* detected driver: pdftex
*geometry* verbose mode - [ preamble ] result:
* driver: pdftex
* paper: <default>
* layout: <same size as paper>
* layoutoffset:(h,v)=(0.0pt,0.0pt)
* modes: 
* h-part:(L,W,R)=(72.26999pt, 469.75502pt, 72.26999pt)
* v-part:(T,H,B)=(72.26999pt, 650.43001pt, 72.26999pt)
* \paperwidth=614.295pt
* \paperheight=794.96999pt
* \textwidth=469.75502pt
* \textheight=650.43001pt
* \oddsidemargin=0.0pt
* \evensidemargin=0.0pt
* \topmargin=-37.0pt
* \headheight=12.0pt
* \headsep=25.0pt
* \topskip=12.0pt
* \footskip=30.0pt
* \marginparwidth=44.0pt
* \marginparsep=10.0pt
* \columnsep=10.0pt
* \skip\footins=10.8pt plus 4.0pt minus 2.0pt
* \hoffset=0.0pt
* \voffset=0.0pt
* \mag=1000
* \@twocolumnfalse
* \@twosidefalse
* \@mparswitchfalse
* \@reversemarginfalse
* (1in=72.27pt=25.4mm, 1cm=28.453pt)

LaTeX Font Info:    Trying to load font information for C70+rm on input line 32.
(d:/texlive/2025/texmf-dist/tex/latex/ctex/fd/c70rm.fd
File: c70rm.fd 2022/07/14 v2.5.10 Chinese font definition (CTEX)
)
Package CJKpunct Info: use punctuation spaces for family 'rm' with punctstyle (quanjiao) on input line 32.

Overfull \hbox (32.63632pt too wide) in paragraph at lines 45--46
[]\OT1/cmr/bx/n/12 Block 1: \C70/rm/m/n/12/4e $ * \C70/rm/m/n/12/53 w \C70/rm/m/n/12/79 Ô \C70/rm/m/n/12/5c B |\C70/rm/m/n/12/ff ^^H|\OT1/cmr/m/n/12 3\TS1/cmr/m/n/12 ÷\OT1/cmr/m/n/12 3 \C70/rm/m/n/12/53 w \C70/rm/m/n/12/79 Ô \C70/rm/m/n/12/68 8|\C70/rm/m/n/12/ff ^^L| \C70/rm/m/n/12/58 k \C70/rm/m/n/12/51 E \C70/rm/m/n/12/4e :\OT1/cmr/m/n/12 1|\C70/rm/m/n/12/ff 	||^^L| \C70/rm/m/n/12/6b œ \C70/rm/m/n/12/4e * \C70/rm/m/n/12/53 w \C70/rm/m/n/12/79 Ô \C70/rm/m/n/12/5c B \C70/rm/m/n/12/54 ^^N \C70/rm/m/n/12/63 • \C70/rm/m/n/12/62 y \C70/rm/m/n/12/91 œ \C70/rm/m/n/12/5f R \C70/rm/m/n/12/4e ^^@ \C70/rm/m/n/12/53 ^^V |\C70/rm/m/n/12/ff ^^H|\OT1/cmr/m/n/12 BatchNorm|\C70/rm/m/n/12/ff 	|
 []


Overfull \hbox (0.27258pt too wide) in paragraph at lines 46--47
[]\OT1/cmr/bx/n/12 Block 2: \C70/rm/m/n/12/4e $ * \C70/rm/m/n/12/53 w \C70/rm/m/n/12/79 Ô \C70/rm/m/n/12/5c B |\C70/rm/m/n/12/ff ^^H|\OT1/cmr/m/n/12 3\TS1/cmr/m/n/12 ÷\OT1/cmr/m/n/12 3 \C70/rm/m/n/12/53 w \C70/rm/m/n/12/79 Ô \C70/rm/m/n/12/68 8|\C70/rm/m/n/12/ff ^^L| \C70/rm/m/n/12/58 k \C70/rm/m/n/12/51 E \C70/rm/m/n/12/4e :\OT1/cmr/m/n/12 1|\C70/rm/m/n/12/ff 	||^^L| \C70/rm/m/n/12/6b œ \C70/rm/m/n/12/4e * \C70/rm/m/n/12/53 w \C70/rm/m/n/12/79 Ô \C70/rm/m/n/12/5c B \C70/rm/m/n/12/54 ^^N \C70/rm/m/n/12/63 • \C70/rm/m/n/12/62 y \C70/rm/m/n/12/91 œ \C70/rm/m/n/12/5f R \C70/rm/m/n/12/4e ^^@ \C70/rm/m/n/12/53 ^^V \C70/rm/m/n/12/54 å \OT1/cmr/m/n/12 ReLU
 []



(d:/texlive/2025/texmf-dist/tex/generic/ctex/zhmap/ctex-zhmap-windows.tex
File: ctex-zhmap-windows.tex 2022/07/14 v2.5.10 Windows font map loader for pdfTeX and DVIPDFMx (CTEX)
{d:/texlive/2025/texmf-var/fonts/map/pdftex/updmap/pdftex.map}{UGBK.sfd}{Unicode.sfd}) [1

{d:/texlive/2025/texmf-dist/fonts/enc/dvips/cm-super/cm-super-ts1.enc}]
Overfull \hbox (6.47133pt too wide) in paragraph at lines 54--55
[]\C70/rm/m/n/12/68 ^^G \C70/rm/m/n/12/51 ∆ \C70/rm/m/n/12/53 ^^V ¬ \C70/rm/m/n/12/65 p|\C70/rm/m/n/12/ff ^^Z| \C70/rm/m/n/12/4f ^^? \C70/rm/m/n/12/75 ( \OT1/cmr/m/n/12 CIFAR-10 \C70/rm/m/n/12/76 Ñ \C70/rm/m/n/12/7e ﬂ \C70/rm/m/n/12/8b ° \C70/rm/m/n/12/65 p \C70/rm/m/n/12/63 n|\C70/rm/m/n/12/ff ^^Z| \C70/rm/m/n/12/57 G \C70/rm/m/n/12/50 < \OT1/cmr/m/n/12 (0.4914, 0.4822, 0.4465)|\C70/rm/m/n/12/ff ^^L| \C70/rm/m/n/12/65 π \C70/rm/m/n/12/5d Ó \OT1/cmr/m/n/12 (0.2023,
 []


LaTeX Warning: Reference `fig:training' on page 2 undefined on input line 78.



[2]

LaTeX Warning: Reference `tab:class_acc' on page 3 undefined on input line 100.



[3]
LaTeX Font Info:    Trying to load font information for C70+zhfs on input line 163.
 (d:/texlive/2025/texmf-dist/tex/latex/zhmetrics/c70zhfs.fd
File: c70zhfs.fd 2009/09/23 4.8.2
)

[4]
d:/Network/ai_coding/hw/task1/task1_report.tex:186: Improper alphabetic constant.
<to be read again> 
                   \lst@FillFixed@ 
l.186 # Ê®°ÂûãÂÆö‰πâ
                    
A one-character control sequence belongs after a ` mark.
So I'm essentially inserting \0 here.

d:/Network/ai_coding/hw/task1/task1_report.tex:186: Argument of \lst@FillFixed@ has an extra }.
<inserted text> 
                \par 
l.186 # Ê®°ÂûãÂÆö‰πâ
                    
I've run across a `}' that doesn't seem to match anything.
For example, `\def\a#1{...}' and `\a}' would produce
this error. If you simply proceed now, the `\par' that
I've just inserted will cause me to report a runaway
argument that might be the root of the problem. But if
your `}' was spurious, just type `2' and it will go away.

Runaway argument?
d:/Network/ai_coding/hw/task1/task1_report.tex:186: Paragraph ended before \lst@FillFixed@ was complete.
<to be read again> 
                   \par 
l.186 # Ê®°ÂûãÂÆö‰πâ
                    
I suspect you've forgotten a `}', causing me to apply this
control sequence to too much text. How can we recover?
My plan is to forget the whole thing and hope for the best.

d:/Network/ai_coding/hw/task1/task1_report.tex:186: Improper alphabetic constant.
<to be read again> 
                   \lst@EC® 
l.186 # Ê®°ÂûãÂÆö‰πâ
                    
A one-character control sequence belongs after a ` mark.
So I'm essentially inserting \0 here.

Runaway argument?
{48
d:/Network/ai_coding/hw/task1/task1_report.tex:186: Paragraph ended before \CJK@230 was complete.
<to be read again> 
                   \par 
l.186 # Ê®°ÂûãÂÆö‰πâ
                    
I suspect you've forgotten a `}', causing me to apply this
control sequence to too much text. How can we recover?
My plan is to forget the whole thing and hope for the best.

Missing character: There is no ® in font cmtt10!
Missing character: There is no ° in font cmtt10!
d:/Network/ai_coding/hw/task1/task1_report.tex:186: Improper alphabetic constant.
<to be read again> 
                   \lst@ECû 
l.186 # Ê®°ÂûãÂÆö‰πâ
                    
A one-character control sequence belongs after a ` mark.
So I'm essentially inserting \0 here.

d:/Network/ai_coding/hw/task1/task1_report.tex:186: Improper alphabetic constant.
<to be read again> 
                   \lst@ECã 
l.186 # Ê®°ÂûãÂÆö‰πâ
                    
A one-character control sequence belongs after a ` mark.
So I'm essentially inserting \0 here.

d:/Network/ai_coding/hw/task1/task1_report.tex:186: Missing = inserted for \ifnum.
<to be read again> 
                   û
l.186 # Ê®°ÂûãÂÆö‰πâ
                    
I was expecting to see `<', `=', or `>'. Didn't.

d:/Network/ai_coding/hw/task1/task1_report.tex:186: Missing number, treated as zero.
<to be read again> 
                   û
l.186 # Ê®°ÂûãÂÆö‰πâ
                    
A number should have been here; I inserted `0'.
(If you can't figure out why I needed to see a number,
look up `weird error' in the index to The TeXbook.)

d:/Network/ai_coding/hw/task1/task1_report.tex:186: Missing = inserted for \ifnum.
<to be read again> 
                   û
l.186 # Ê®°ÂûãÂÆö‰πâ
                    
I was expecting to see `<', `=', or `>'. Didn't.

d:/Network/ai_coding/hw/task1/task1_report.tex:186: Missing number, treated as zero.
<to be read again> 
                   û
l.186 # Ê®°ÂûãÂÆö‰πâ
                    
A number should have been here; I inserted `0'.
(If you can't figure out why I needed to see a number,
look up `weird error' in the index to The TeXbook.)

d:/Network/ai_coding/hw/task1/task1_report.tex:186: Missing = inserted for \ifnum.
<to be read again> 
                   ã
l.186 # Ê®°ÂûãÂÆö‰πâ
                    
I was expecting to see `<', `=', or `>'. Didn't.

d:/Network/ai_coding/hw/task1/task1_report.tex:186: Missing number, treated as zero.
<to be read again> 
                   ã
l.186 # Ê®°ÂûãÂÆö‰πâ
                    
A number should have been here; I inserted `0'.
(If you can't figure out why I needed to see a number,
look up `weird error' in the index to The TeXbook.)

d:/Network/ai_coding/hw/task1/task1_report.tex:186: Missing = inserted for \ifnum.
<to be read again> 
                   ã
l.186 # Ê®°ÂûãÂÆö‰πâ
                    
I was expecting to see `<', `=', or `>'. Didn't.

d:/Network/ai_coding/hw/task1/task1_report.tex:186: Missing number, treated as zero.
<to be read again> 
                   ã
l.186 # Ê®°ÂûãÂÆö‰πâ
                    
A number should have been here; I inserted `0'.
(If you can't figure out why I needed to see a number,
look up `weird error' in the index to The TeXbook.)

Missing character: There is no û in font cmtt10!
Missing character: There is no û in font cmtt10!
Missing character: There is no ã in font cmtt10!
d:/Network/ai_coding/hw/task1/task1_report.tex:186: Bad character code (-80).
<argument> \@tempcnta 
                      
l.186 # Ê®°ÂûãÂÆö‰πâ
                    
A character number must be between 0 and 255.
I changed this one to zero.

d:/Network/ai_coding/hw/task1/task1_report.tex:186: Improper alphabetic constant.
<to be read again> 
                   \lst@ECÆ 
l.186 # Ê®°ÂûãÂÆö‰πâ
                    
A one-character control sequence belongs after a ` mark.
So I'm essentially inserting \0 here.

d:/Network/ai_coding/hw/task1/task1_report.tex:186: Improper alphabetic constant.
<to be read again> 
                   \lst@ECö 
l.186 # Ê®°ÂûãÂÆö‰πâ
                    
A one-character control sequence belongs after a ` mark.
So I'm essentially inserting \0 here.

d:/Network/ai_coding/hw/task1/task1_report.tex:186: Missing = inserted for \ifnum.
<to be read again> 
                   Æ
l.186 # Ê®°ÂûãÂÆö‰πâ
                    
I was expecting to see `<', `=', or `>'. Didn't.

d:/Network/ai_coding/hw/task1/task1_report.tex:186: Missing number, treated as zero.
<to be read again> 
                   Æ
l.186 # Ê®°ÂûãÂÆö‰πâ
                    
A number should have been here; I inserted `0'.
(If you can't figure out why I needed to see a number,
look up `weird error' in the index to The TeXbook.)

d:/Network/ai_coding/hw/task1/task1_report.tex:186: Missing = inserted for \ifnum.
<to be read again> 
                   Æ
l.186 # Ê®°ÂûãÂÆö‰πâ
                    
I was expecting to see `<', `=', or `>'. Didn't.

d:/Network/ai_coding/hw/task1/task1_report.tex:186: Missing number, treated as zero.
<to be read again> 
                   Æ
l.186 # Ê®°ÂûãÂÆö‰πâ
                    
A number should have been here; I inserted `0'.
(If you can't figure out why I needed to see a number,
look up `weird error' in the index to The TeXbook.)

d:/Network/ai_coding/hw/task1/task1_report.tex:186: Missing = inserted for \ifnum.
<to be read again> 
                   ö
l.186 # Ê®°ÂûãÂÆö‰πâ
                    
I was expecting to see `<', `=', or `>'. Didn't.

d:/Network/ai_coding/hw/task1/task1_report.tex:186: Missing number, treated as zero.
<to be read again> 
                   ö
l.186 # Ê®°ÂûãÂÆö‰πâ
                    
A number should have been here; I inserted `0'.
(If you can't figure out why I needed to see a number,
look up `weird error' in the index to The TeXbook.)

d:/Network/ai_coding/hw/task1/task1_report.tex:186: Missing = inserted for \ifnum.
<to be read again> 
                   ö
l.186 # Ê®°ÂûãÂÆö‰πâ
                    
I was expecting to see `<', `=', or `>'. Didn't.

d:/Network/ai_coding/hw/task1/task1_report.tex:186: Missing number, treated as zero.
<to be read again> 
                   ö
l.186 # Ê®°ÂûãÂÆö‰πâ
                    
A number should have been here; I inserted `0'.
(If you can't figure out why I needed to see a number,
look up `weird error' in the index to The TeXbook.)

Missing character: There is no Æ in font cmtt10!
Missing character: There is no Æ in font cmtt10!
Missing character: There is no ö in font cmtt10!
d:/Network/ai_coding/hw/task1/task1_report.tex:186: Bad character code (-80).
<argument> \@tempcnta 
                      
l.186 # Ê®°ÂûãÂÆö‰πâ
                    
A character number must be between 0 and 255.
I changed this one to zero.

d:/Network/ai_coding/hw/task1/task1_report.tex:186: Improper alphabetic constant.
<to be read again> 
                   \lst@ECπ 
l.186 # Ê®°ÂûãÂÆö‰πâ
                    
A one-character control sequence belongs after a ` mark.
So I'm essentially inserting \0 here.

d:/Network/ai_coding/hw/task1/task1_report.tex:186: Improper alphabetic constant.
<to be read again> 
                   \lst@ECâ 
l.186 # Ê®°ÂûãÂÆö‰πâ
                    
A one-character control sequence belongs after a ` mark.
So I'm essentially inserting \0 here.

d:/Network/ai_coding/hw/task1/task1_report.tex:186: Missing = inserted for \ifnum.
<to be read again> 
                   π
l.186 # Ê®°ÂûãÂÆö‰πâ
                    
I was expecting to see `<', `=', or `>'. Didn't.

d:/Network/ai_coding/hw/task1/task1_report.tex:186: Missing number, treated as zero.
<to be read again> 
                   π
l.186 # Ê®°ÂûãÂÆö‰πâ
                    
A number should have been here; I inserted `0'.
(If you can't figure out why I needed to see a number,
look up `weird error' in the index to The TeXbook.)

d:/Network/ai_coding/hw/task1/task1_report.tex:186: Missing = inserted for \ifnum.
<to be read again> 
                   π
l.186 # Ê®°ÂûãÂÆö‰πâ
                    
I was expecting to see `<', `=', or `>'. Didn't.

d:/Network/ai_coding/hw/task1/task1_report.tex:186: Missing number, treated as zero.
<to be read again> 
                   π
l.186 # Ê®°ÂûãÂÆö‰πâ
                    
A number should have been here; I inserted `0'.
(If you can't figure out why I needed to see a number,
look up `weird error' in the index to The TeXbook.)

d:/Network/ai_coding/hw/task1/task1_report.tex:186: Missing = inserted for \ifnum.
<to be read again> 
                   â
l.186 # Ê®°ÂûãÂÆö‰πâ
                    
I was expecting to see `<', `=', or `>'. Didn't.

d:/Network/ai_coding/hw/task1/task1_report.tex:186: Missing number, treated as zero.
<to be read again> 
                   â
l.186 # Ê®°ÂûãÂÆö‰πâ
                    
A number should have been here; I inserted `0'.
(If you can't figure out why I needed to see a number,
look up `weird error' in the index to The TeXbook.)

d:/Network/ai_coding/hw/task1/task1_report.tex:186: Missing = inserted for \ifnum.
<to be read again> 
                   â
l.186 # Ê®°ÂûãÂÆö‰πâ
                    
I was expecting to see `<', `=', or `>'. Didn't.

d:/Network/ai_coding/hw/task1/task1_report.tex:186: Missing number, treated as zero.
<to be read again> 
                   â
l.186 # Ê®°ÂûãÂÆö‰πâ
                    
A number should have been here; I inserted `0'.
(If you can't figure out why I needed to see a number,
look up `weird error' in the index to The TeXbook.)

Missing character: There is no π in font cmtt10!
Missing character: There is no π in font cmtt10!
Missing character: There is no â in font cmtt10!
d:/Network/ai_coding/hw/task1/task1_report.tex:186: Bad character code (-80).
<argument> \@tempcnta 
                      
l.186 # Ê®°ÂûãÂÆö‰πâ
                    
A character number must be between 0 and 255.
I changed this one to zero.

d:/Network/ai_coding/hw/task1/task1_report.tex:187: Infinite glue shrinkage found in a paragraph.
<argument> ...hskip:D \c_zero_dim \fi: \tex_par:D 
                                                  \hook_use:n {para/after}\@...
l.187 class 
            CNN(nn.Module):
The paragraph just ended includes some glue that has
infinite shrinkability, e.g., `\hskip 0pt minus 1fil'.
Such glue doesn't belong there---it allows a paragraph
of any length to fit on one line. But it's safe to proceed,
since the offensive shrinkability has been made finite.

d:/Network/ai_coding/hw/task1/task1_report.tex:197: Improper alphabetic constant.
<to be read again> 
                   \lst@FillFixed@ 
l.197         # ... ÂÆåÊï¥‰ª£Á†ÅËßÅ 
                                    task1.py
A one-character control sequence belongs after a ` mark.
So I'm essentially inserting \0 here.

d:/Network/ai_coding/hw/task1/task1_report.tex:197: Argument of \lst@FillFixed@ has an extra }.
<inserted text> 
                \par 
l.197         # ... ÂÆåÊï¥‰ª£Á†ÅËßÅ 
                                    task1.py
I've run across a `}' that doesn't seem to match anything.
For example, `\def\a#1{...}' and `\a}' would produce
this error. If you simply proceed now, the `\par' that
I've just inserted will cause me to report a runaway
argument that might be the root of the problem. But if
your `}' was spurious, just type `2' and it will go away.

Runaway argument?
d:/Network/ai_coding/hw/task1/task1_report.tex:197: Paragraph ended before \lst@FillFixed@ was complete.
<to be read again> 
                   \par 
l.197         # ... ÂÆåÊï¥‰ª£Á†ÅËßÅ 
                                    task1.py
I suspect you've forgotten a `}', causing me to apply this
control sequence to too much text. How can we recover?
My plan is to forget the whole thing and hope for the best.

d:/Network/ai_coding/hw/task1/task1_report.tex:197: Improper alphabetic constant.
<to be read again> 
                   \lst@ECÆ 
l.197         # ... ÂÆåÊï¥‰ª£Á†ÅËßÅ 
                                    task1.py
A one-character control sequence belongs after a ` mark.
So I'm essentially inserting \0 here.

Runaway argument?
{48
d:/Network/ai_coding/hw/task1/task1_report.tex:197: Paragraph ended before \CJK@229 was complete.
<to be read again> 
                   \par 
l.197         # ... ÂÆåÊï¥‰ª£Á†ÅËßÅ 
                                    task1.py
I suspect you've forgotten a `}', causing me to apply this
control sequence to too much text. How can we recover?
My plan is to forget the whole thing and hope for the best.

Missing character: There is no Æ in font cmtt10!
Missing character: There is no å in font cmtt10!
d:/Network/ai_coding/hw/task1/task1_report.tex:197: Improper alphabetic constant.
<to be read again> 
                   \lst@ECï 
l.197         # ... ÂÆåÊï¥‰ª£Á†ÅËßÅ 
                                    task1.py
A one-character control sequence belongs after a ` mark.
So I'm essentially inserting \0 here.

d:/Network/ai_coding/hw/task1/task1_report.tex:197: Improper alphabetic constant.
<to be read again> 
                   \lst@EC¥ 
l.197         # ... ÂÆåÊï¥‰ª£Á†ÅËßÅ 
                                    task1.py
A one-character control sequence belongs after a ` mark.
So I'm essentially inserting \0 here.

d:/Network/ai_coding/hw/task1/task1_report.tex:197: Missing = inserted for \ifnum.
<to be read again> 
                   ï
l.197         # ... ÂÆåÊï¥‰ª£Á†ÅËßÅ 
                                    task1.py
I was expecting to see `<', `=', or `>'. Didn't.

d:/Network/ai_coding/hw/task1/task1_report.tex:197: Missing number, treated as zero.
<to be read again> 
                   ï
l.197         # ... ÂÆåÊï¥‰ª£Á†ÅËßÅ 
                                    task1.py
A number should have been here; I inserted `0'.
(If you can't figure out why I needed to see a number,
look up `weird error' in the index to The TeXbook.)

d:/Network/ai_coding/hw/task1/task1_report.tex:197: Missing = inserted for \ifnum.
<to be read again> 
                   ï
l.197         # ... ÂÆåÊï¥‰ª£Á†ÅËßÅ 
                                    task1.py
I was expecting to see `<', `=', or `>'. Didn't.

d:/Network/ai_coding/hw/task1/task1_report.tex:197: Missing number, treated as zero.
<to be read again> 
                   ï
l.197         # ... ÂÆåÊï¥‰ª£Á†ÅËßÅ 
                                    task1.py
A number should have been here; I inserted `0'.
(If you can't figure out why I needed to see a number,
look up `weird error' in the index to The TeXbook.)

d:/Network/ai_coding/hw/task1/task1_report.tex:197: Missing = inserted for \ifnum.
<to be read again> 
                   ¥
l.197         # ... ÂÆåÊï¥‰ª£Á†ÅËßÅ 
                                    task1.py
I was expecting to see `<', `=', or `>'. Didn't.

d:/Network/ai_coding/hw/task1/task1_report.tex:197: Missing number, treated as zero.
<to be read again> 
                   ¥
l.197         # ... ÂÆåÊï¥‰ª£Á†ÅËßÅ 
                                    task1.py
A number should have been here; I inserted `0'.
(If you can't figure out why I needed to see a number,
look up `weird error' in the index to The TeXbook.)

d:/Network/ai_coding/hw/task1/task1_report.tex:197: Missing = inserted for \ifnum.
<to be read again> 
                   ¥
l.197         # ... ÂÆåÊï¥‰ª£Á†ÅËßÅ 
                                    task1.py
I was expecting to see `<', `=', or `>'. Didn't.

d:/Network/ai_coding/hw/task1/task1_report.tex:197: Missing number, treated as zero.
<to be read again> 
                   ¥
l.197         # ... ÂÆåÊï¥‰ª£Á†ÅËßÅ 
                                    task1.py
A number should have been here; I inserted `0'.
(If you can't figure out why I needed to see a number,
look up `weird error' in the index to The TeXbook.)

Missing character: There is no ï in font cmtt10!
Missing character: There is no ï in font cmtt10!
Missing character: There is no ¥ in font cmtt10!
d:/Network/ai_coding/hw/task1/task1_report.tex:197: Bad character code (-80).
<argument> \@tempcnta 
                      
l.197         # ... ÂÆåÊï¥‰ª£Á†ÅËßÅ 
                                    task1.py
A character number must be between 0 and 255.
I changed this one to zero.

d:/Network/ai_coding/hw/task1/task1_report.tex:197: Improper alphabetic constant.
<to be read again> 
                   \lst@ECª 
l.197         # ... ÂÆåÊï¥‰ª£Á†ÅËßÅ 
                                    task1.py
A one-character control sequence belongs after a ` mark.
So I'm essentially inserting \0 here.

d:/Network/ai_coding/hw/task1/task1_report.tex:197: Improper alphabetic constant.
<to be read again> 
                   \lst@EC£ 
l.197         # ... ÂÆåÊï¥‰ª£Á†ÅËßÅ 
                                    task1.py
A one-character control sequence belongs after a ` mark.
So I'm essentially inserting \0 here.

d:/Network/ai_coding/hw/task1/task1_report.tex:197: Missing = inserted for \ifnum.
<to be read again> 
                   ª
l.197         # ... ÂÆåÊï¥‰ª£Á†ÅËßÅ 
                                    task1.py
I was expecting to see `<', `=', or `>'. Didn't.

d:/Network/ai_coding/hw/task1/task1_report.tex:197: Missing number, treated as zero.
<to be read again> 
                   ª
l.197         # ... ÂÆåÊï¥‰ª£Á†ÅËßÅ 
                                    task1.py
A number should have been here; I inserted `0'.
(If you can't figure out why I needed to see a number,
look up `weird error' in the index to The TeXbook.)

d:/Network/ai_coding/hw/task1/task1_report.tex:197: Missing = inserted for \ifnum.
<to be read again> 
                   ª
l.197         # ... ÂÆåÊï¥‰ª£Á†ÅËßÅ 
                                    task1.py
I was expecting to see `<', `=', or `>'. Didn't.

d:/Network/ai_coding/hw/task1/task1_report.tex:197: Missing number, treated as zero.
<to be read again> 
                   ª
l.197         # ... ÂÆåÊï¥‰ª£Á†ÅËßÅ 
                                    task1.py
A number should have been here; I inserted `0'.
(If you can't figure out why I needed to see a number,
look up `weird error' in the index to The TeXbook.)

d:/Network/ai_coding/hw/task1/task1_report.tex:197: Missing = inserted for \ifnum.
<to be read again> 
                   £
l.197         # ... ÂÆåÊï¥‰ª£Á†ÅËßÅ 
                                    task1.py
I was expecting to see `<', `=', or `>'. Didn't.

d:/Network/ai_coding/hw/task1/task1_report.tex:197: Missing number, treated as zero.
<to be read again> 
                   £
l.197         # ... ÂÆåÊï¥‰ª£Á†ÅËßÅ 
                                    task1.py
A number should have been here; I inserted `0'.
(If you can't figure out why I needed to see a number,
look up `weird error' in the index to The TeXbook.)

d:/Network/ai_coding/hw/task1/task1_report.tex:197: Missing = inserted for \ifnum.
<to be read again> 
                   £
l.197         # ... ÂÆåÊï¥‰ª£Á†ÅËßÅ 
                                    task1.py
I was expecting to see `<', `=', or `>'. Didn't.

d:/Network/ai_coding/hw/task1/task1_report.tex:197: Missing number, treated as zero.
<to be read again> 
                   £
l.197         # ... ÂÆåÊï¥‰ª£Á†ÅËßÅ 
                                    task1.py
A number should have been here; I inserted `0'.
(If you can't figure out why I needed to see a number,
look up `weird error' in the index to The TeXbook.)

Missing character: There is no ª in font cmtt10!
Missing character: There is no ª in font cmtt10!
Missing character: There is no £ in font cmtt10!
d:/Network/ai_coding/hw/task1/task1_report.tex:197: Bad character code (-80).
<argument> \@tempcnta 
                      
l.197         # ... ÂÆåÊï¥‰ª£Á†ÅËßÅ 
                                    task1.py
A character number must be between 0 and 255.
I changed this one to zero.

d:/Network/ai_coding/hw/task1/task1_report.tex:197: Improper alphabetic constant.
<to be read again> 
                   \lst@EC† 
l.197         # ... ÂÆåÊï¥‰ª£Á†ÅËßÅ 
                                    task1.py
A one-character control sequence belongs after a ` mark.
So I'm essentially inserting \0 here.

d:/Network/ai_coding/hw/task1/task1_report.tex:197: Improper alphabetic constant.
<to be read again> 
                   \lst@ECÅ 
l.197         # ... ÂÆåÊï¥‰ª£Á†ÅËßÅ 
                                    task1.py
A one-character control sequence belongs after a ` mark.
So I'm essentially inserting \0 here.

d:/Network/ai_coding/hw/task1/task1_report.tex:197: Missing = inserted for \ifnum.
<to be read again> 
                   †
l.197         # ... ÂÆåÊï¥‰ª£Á†ÅËßÅ 
                                    task1.py
I was expecting to see `<', `=', or `>'. Didn't.

d:/Network/ai_coding/hw/task1/task1_report.tex:197: Missing number, treated as zero.
<to be read again> 
                   †
l.197         # ... ÂÆåÊï¥‰ª£Á†ÅËßÅ 
                                    task1.py
A number should have been here; I inserted `0'.
(If you can't figure out why I needed to see a number,
look up `weird error' in the index to The TeXbook.)

d:/Network/ai_coding/hw/task1/task1_report.tex:197: Missing = inserted for \ifnum.
<to be read again> 
                   †
l.197         # ... ÂÆåÊï¥‰ª£Á†ÅËßÅ 
                                    task1.py
I was expecting to see `<', `=', or `>'. Didn't.

d:/Network/ai_coding/hw/task1/task1_report.tex:197: Missing number, treated as zero.
<to be read again> 
                   †
l.197         # ... ÂÆåÊï¥‰ª£Á†ÅËßÅ 
                                    task1.py
A number should have been here; I inserted `0'.
(If you can't figure out why I needed to see a number,
look up `weird error' in the index to The TeXbook.)

d:/Network/ai_coding/hw/task1/task1_report.tex:197: Missing = inserted for \ifnum.
<to be read again> 
                   Å
l.197         # ... ÂÆåÊï¥‰ª£Á†ÅËßÅ 
                                    task1.py
I was expecting to see `<', `=', or `>'. Didn't.

d:/Network/ai_coding/hw/task1/task1_report.tex:197: Missing number, treated as zero.
<to be read again> 
                   Å
l.197         # ... ÂÆåÊï¥‰ª£Á†ÅËßÅ 
                                    task1.py
A number should have been here; I inserted `0'.
(If you can't figure out why I needed to see a number,
look up `weird error' in the index to The TeXbook.)

d:/Network/ai_coding/hw/task1/task1_report.tex:197: Missing = inserted for \ifnum.
<to be read again> 
                   Å
l.197         # ... ÂÆåÊï¥‰ª£Á†ÅËßÅ 
                                    task1.py
I was expecting to see `<', `=', or `>'. Didn't.

d:/Network/ai_coding/hw/task1/task1_report.tex:197: Missing number, treated as zero.
<to be read again> 
                   Å
l.197         # ... ÂÆåÊï¥‰ª£Á†ÅËßÅ 
                                    task1.py
A number should have been here; I inserted `0'.
(If you can't figure out why I needed to see a number,
look up `weird error' in the index to The TeXbook.)

Missing character: There is no † in font cmtt10!
Missing character: There is no † in font cmtt10!
Missing character: There is no Å in font cmtt10!
d:/Network/ai_coding/hw/task1/task1_report.tex:197: Bad character code (-80).
<argument> \@tempcnta 
                      
l.197         # ... ÂÆåÊï¥‰ª£Á†ÅËßÅ 
                                    task1.py
A character number must be between 0 and 255.
I changed this one to zero.

d:/Network/ai_coding/hw/task1/task1_report.tex:197: Improper alphabetic constant.
<to be read again> 
                   \lst@ECß 
l.197         # ... ÂÆåÊï¥‰ª£Á†ÅËßÅ 
                                    task1.py
A one-character control sequence belongs after a ` mark.
So I'm essentially inserting \0 here.

d:/Network/ai_coding/hw/task1/task1_report.tex:197: Improper alphabetic constant.
<to be read again> 
                   \lst@ECÅ 
l.197         # ... ÂÆåÊï¥‰ª£Á†ÅËßÅ 
                                    task1.py
A one-character control sequence belongs after a ` mark.
So I'm essentially inserting \0 here.

d:/Network/ai_coding/hw/task1/task1_report.tex:197: Missing = inserted for \ifnum.
<to be read again> 
                   ß
l.197         # ... ÂÆåÊï¥‰ª£Á†ÅËßÅ 
                                    task1.py
I was expecting to see `<', `=', or `>'. Didn't.

d:/Network/ai_coding/hw/task1/task1_report.tex:197: Missing number, treated as zero.
<to be read again> 
                   ß
l.197         # ... ÂÆåÊï¥‰ª£Á†ÅËßÅ 
                                    task1.py
A number should have been here; I inserted `0'.
(If you can't figure out why I needed to see a number,
look up `weird error' in the index to The TeXbook.)

d:/Network/ai_coding/hw/task1/task1_report.tex:197: Missing = inserted for \ifnum.
<to be read again> 
                   ß
l.197         # ... ÂÆåÊï¥‰ª£Á†ÅËßÅ 
                                    task1.py
I was expecting to see `<', `=', or `>'. Didn't.

d:/Network/ai_coding/hw/task1/task1_report.tex:197: Missing number, treated as zero.
<to be read again> 
                   ß
l.197         # ... ÂÆåÊï¥‰ª£Á†ÅËßÅ 
                                    task1.py
A number should have been here; I inserted `0'.
(If you can't figure out why I needed to see a number,
look up `weird error' in the index to The TeXbook.)

d:/Network/ai_coding/hw/task1/task1_report.tex:197: Missing = inserted for \ifnum.
<to be read again> 
                   Å
l.197         # ... ÂÆåÊï¥‰ª£Á†ÅËßÅ 
                                    task1.py
I was expecting to see `<', `=', or `>'. Didn't.

d:/Network/ai_coding/hw/task1/task1_report.tex:197: Missing number, treated as zero.
<to be read again> 
                   Å
l.197         # ... ÂÆåÊï¥‰ª£Á†ÅËßÅ 
                                    task1.py
A number should have been here; I inserted `0'.
(If you can't figure out why I needed to see a number,
look up `weird error' in the index to The TeXbook.)

d:/Network/ai_coding/hw/task1/task1_report.tex:197: Missing = inserted for \ifnum.
<to be read again> 
                   Å
l.197         # ... ÂÆåÊï¥‰ª£Á†ÅËßÅ 
                                    task1.py
I was expecting to see `<', `=', or `>'. Didn't.

d:/Network/ai_coding/hw/task1/task1_report.tex:197: Missing number, treated as zero.
<to be read again> 
                   Å
l.197         # ... ÂÆåÊï¥‰ª£Á†ÅËßÅ 
                                    task1.py
A number should have been here; I inserted `0'.
(If you can't figure out why I needed to see a number,
look up `weird error' in the index to The TeXbook.)

Missing character: There is no ß in font cmtt10!
Missing character: There is no ß in font cmtt10!
Missing character: There is no Å in font cmtt10!
d:/Network/ai_coding/hw/task1/task1_report.tex:197: Bad character code (-80).
<argument> \@tempcnta 
                      
l.197         # ... ÂÆåÊï¥‰ª£Á†ÅËßÅ 
                                    task1.py
A character number must be between 0 and 255.
I changed this one to zero.

d:/Network/ai_coding/hw/task1/task1_report.tex:198: Infinite glue shrinkage found in a paragraph.
<argument> ...hskip:D \c_zero_dim \fi: \tex_par:D 
                                                  \hook_use:n {para/after}\@...
l.198 \end{lstlisting}
                      
The paragraph just ended includes some glue that has
infinite shrinkability, e.g., `\hskip 0pt minus 1fil'.
Such glue doesn't belong there---it allows a paragraph
of any length to fit on one line. But it's safe to proceed,
since the offensive shrinkability has been made finite.



[5] (./task1_report.aux)
 ***********
LaTeX2e <2024-11-01> patch level 2
L3 programming layer <2022/07/14>
 ***********


LaTeX Warning: There were undefined references.


LaTeX Warning: Label(s) may have changed. Rerun to get cross-references right.


Package rerunfilecheck Warning: File `task1_report.out' has changed.
(rerunfilecheck)                Rerun to get outlines right
(rerunfilecheck)                or use package `bookmark'.

Package rerunfilecheck Info: Checksums for `task1_report.out':
(rerunfilecheck)             Before: <no file>
(rerunfilecheck)             After:  F70F9874CAD5C6F04F1A312CBB1D1F32;1412.
 ) 
Here is how much of TeX's memory you used:
 17779 strings out of 473190
 290583 string characters out of 5719979
 956223 words of memory out of 5000000
 40464 multiletter control sequences out of 15000+600000
 614764 words of font info for 239 fonts, out of 8000000 for 9000
 1141 hyphenation exceptions out of 8191
 80i,8n,83p,748b,1344s stack positions out of 10000i,1000n,20000p,200000b,200000s
<c:/Windows/Fonts/simfang.ttf><c:/Windows/Fonts/simfang.ttf><c:/Windows/Fonts/simfang.ttf><c:/Windows/Fonts/simfang.ttf

pdfTeX warning: pdflatex.exe (file c:/Windows/Fonts/simfang.ttf): subfont unifs2c: wrong mapping: character 0 --> 0x2C00 --> .notdef
><c:/Windows/Fonts/simfang.ttf><c:/Windows/Fonts/simhei.ttf><c:/Windows/Fonts/simhei.ttf><c:/Windows/Fonts/simfang.ttf><c:/Windows/Fonts/simfang.ttf><c:/Windows/Fonts/simhei.ttf><c:/Windows/Fonts/simsun.ttc><c:/Windows/Fonts/simhei.ttf><c:/Windows/Fonts/simhei.ttf><c:/Windows/Fonts/simhei.ttf><c:/Windows/Fonts/simhei.ttf><c:/Windows/Fonts/simhei.ttf><c:/Windows/Fonts/simhei.ttf><c:/Windows/Fonts/simsun.ttc><c:/Windows/Fonts/simhei.ttf><c:/Windows/Fonts/simsun.ttc><c:/Windows/Fonts/simsun.ttc><c:/Windows/Fonts/simsun.ttc><c:/Windows/Fonts/simsun.ttc><c:/Windows/Fonts/simsun.ttc><c:/Windows/Fonts/simsun.ttc><c:/Windows/Fonts/simhei.ttf><c:/Windows/Fonts/simhei.ttf><c:/Windows/Fonts/simsun.ttc><c:/Windows/Fonts/simhei.ttf><c:/Windows/Fonts/simhei.ttf><c:/Windows/Fonts/simsun.ttc><c:/Windows/Fonts/simsun.ttc><c:/Windows/Fonts/simsun.ttc><c:/Windows/Fonts/simsun.ttc><c:/Windows/Fonts/simhei.ttf><c:/Windows/Fonts/simsun.ttc><c:/Windows/Fonts/simhei.ttf><c:/Windows/Fonts/simhei.ttf><c:/Windows/Fonts/simhei.ttf><c:/Windows/Fonts/simhei.ttf><c:/Windows/Fonts/simsun.ttc><c:/Windows/Fonts/simsun.ttc><c:/Windows/Fonts/simhei.ttf><c:/Windows/Fonts/simhei.ttf><c:/Windows/Fonts/simhei.ttf><c:/Windows/Fonts/simhei.ttf><c:/Windows/Fonts/simhei.ttf><c:/Windows/Fonts/simhei.ttf><c:/Windows/Fonts/simhei.ttf><c:/Windows/Fonts/simhei.ttf><c:/Windows/Fonts/simhei.ttf><c:/Windows/Fonts/simsun.ttc><c:/Windows/Fonts/simhei.ttf><c:/Windows/Fonts/simhei.ttf><c:/Windows/Fonts/simhei.ttf><c:/Windows/Fonts/simhei.ttf><c:/Windows/Fonts/simsun.ttc><c:/Windows/Fonts/simsun.ttc><c:/Windows/Fonts/simsun.ttc><c:/Windows/Fonts/simhei.ttf><c:/Windows/Fonts/simhei.ttf><c:/Windows/Fonts/simhei.ttf><c:/Windows/Fonts/simhei.ttf><c:/Windows/Fonts/simhei.ttf><c:/Windows/Fonts/simsun.ttc><c:/Windows/Fonts/simsun.ttc><c:/Windows/Fonts/simsun.ttc><c:/Windows/Fonts/simsun.ttc><c:/Windows/Fonts/simhei.ttf><c:/Windows/Fonts/simhei.ttf><c:/Windows/Fonts/simhei.ttf><c:/Windows/Fonts/simhei.ttf><c:/Windows/Fonts/simsun.ttc><c:/Windows/Fonts/simsun.ttc><c:/Windows/Fonts/simsun.ttc><c:/Windows/Fonts/simsun.ttc><c:/Windows/Fonts/simsun.ttc><c:/Windows/Fonts/simsun.ttc><c:/Windows/Fonts/simsun.ttc><c:/Windows/Fonts/simsun.ttc><c:/Windows/Fonts/simsun.ttc><c:/Windows/Fonts/simsun.ttc><c:/Windows/Fonts/simsun.ttc><c:/Windows/Fonts/simsun.ttc><c:/Windows/Fonts/simsun.ttc><c:/Windows/Fonts/simsun.ttc><c:/Windows/Fonts/simsun.ttc><c:/Windows/Fonts/simsun.ttc><c:/Windows/Fonts/simsun.ttc><c:/Windows/Fonts/simsun.ttc><c:/Windows/Fonts/simhei.ttf><c:/Windows/Fonts/simhei.ttf><c:/Windows/Fonts/simsun.ttc><c:/Windows/Fonts/simsun.ttc><c:/Windows/Fonts/simsun.ttc><c:/Windows/Fonts/simsun.ttc><c:/Windows/Fonts/simsun.ttc><c:/Windows/Fonts/simsun.ttc><c:/Windows/Fonts/simsun.ttc><c:/Windows/Fonts/simsun.ttc><c:/Windows/Fonts/simsun.ttc><c:/Windows/Fonts/simsun.ttc><c:/Windows/Fonts/simsun.ttc><c:/Windows/Fonts/simsun.ttc><c:/Windows/Fonts/simsun.ttc><c:/Windows/Fonts/simsun.ttc><c:/Windows/Fonts/simsun.ttc><c:/Windows/Fonts/simsun.ttc><c:/Windows/Fonts/simsun.ttc><c:/Windows/Fonts/simsun.ttc><c:/Windows/Fonts/simsun.ttc><c:/Windows/Fonts/simsun.ttc><c:/Windows/Fonts/simsun.ttc><c:/Windows/Fonts/simsun.ttc><c:/Windows/Fonts/simsun.ttc><c:/Windows/Fonts/simsun.ttc><d:/texlive/2025/texmf-dist/fonts/type1/public/amsfonts/cm/cmbx12.pfb><d:/texlive/2025/texmf-dist/fonts/type1/public/amsfonts/cm/cmr12.pfb><d:/texlive/2025/texmf-dist/fonts/type1/public/amsfonts/cm/cmr17.pfb><d:/texlive/2025/texmf-dist/fonts/type1/public/amsfonts/cm/cmtt10.pfb><d:/texlive/2025/texmf-dist/fonts/type1/public/amsfonts/cm/cmtt12.pfb><d:/texlive/2025/texmf-dist/fonts/type1/public/cm-super/sfrm1200.pfb>
Output written on task1_report.pdf (5 pages, 522724 bytes).
PDF statistics:
 649 PDF objects out of 1000 (max. 8388607)
 439 compressed objects within 5 object streams
 47 named destinations out of 1000 (max. 500000)
 281 words of extra memory for PDF output out of 10000 (max. 10000000)

